<?xml version="1.0" encoding="UTF-8"?>
<testng-results ignored="0" total="1" passed="1" failed="0" skipped="0">
  <reporter-output>
  </reporter-output>
  <suite started-at="2021-08-09T17:12:27 EET" name="Default suite" finished-at="2021-08-09T17:12:35 EET" duration-ms="8383">
    <groups>
    </groups>
    <test started-at="2021-08-09T17:12:27 EET" name="Default test" finished-at="2021-08-09T17:12:35 EET" duration-ms="8383">
      <class name="Ibtikar.testJenkins.JenkinsTest">
        <test-method is-config="true" signature="openBrowser()[pri:0, instance:Ibtikar.testJenkins.JenkinsTest@419c5f1a]" started-at="2021-08-09T17:12:27 EET" name="openBrowser" finished-at="2021-08-09T17:12:33 EET" duration-ms="6348" status="PASS">
          <reporter-output>
          </reporter-output>
        </test-method> <!-- openBrowser -->
        <test-method signature="testLoginMethod()[pri:0, instance:Ibtikar.testJenkins.JenkinsTest@419c5f1a]" started-at="2021-08-09T17:12:33 EET" name="testLoginMethod" finished-at="2021-08-09T17:12:35 EET" duration-ms="1989" status="PASS">
          <reporter-output>
          </reporter-output>
        </test-method> <!-- testLoginMethod -->
      </class> <!-- Ibtikar.testJenkins.JenkinsTest -->
    </test> <!-- Default test -->
  </suite> <!-- Default suite -->
</testng-results>
